<?xml version="1.0" encoding="UTF-8"?>
<testng-results ignored="0" total="2" passed="2" failed="0" skipped="0">
  <reporter-output>
  </reporter-output>
  <suite started-at="2022-07-18T11:07:05 IST" name="Default suite" finished-at="2022-07-18T11:07:07 IST" duration-ms="2094">
    <groups>
    </groups>
    <test started-at="2022-07-18T11:07:05 IST" name="Default test" finished-at="2022-07-18T11:07:07 IST" duration-ms="2094">
      <class name="mamaEarth_GET.firstGet">
        <test-method signature="test_1()[pri:0, instance:mamaEarth_GET.firstGet@5db250b4]" started-at="2022-07-18T11:07:05 IST" name="test_1" finished-at="2022-07-18T11:07:07 IST" duration-ms="1349" status="PASS">
          <reporter-output>
          </reporter-output>
        </test-method> <!-- test_1 -->
        <test-method signature="test_2()[pri:0, instance:mamaEarth_GET.firstGet@5db250b4]" started-at="2022-07-18T11:07:07 IST" name="test_2" finished-at="2022-07-18T11:07:07 IST" duration-ms="706" status="PASS">
          <reporter-output>
          </reporter-output>
        </test-method> <!-- test_2 -->
      </class> <!-- mamaEarth_GET.firstGet -->
    </test> <!-- Default test -->
  </suite> <!-- Default suite -->
</testng-results>
