<?xml version="1.0" encoding="UTF-8"?>
<testng-results ignored="0" total="5" passed="5" failed="0" skipped="0">
  <reporter-output>
  </reporter-output>
  <suite started-at="2022-07-19T12:04:38 IST" name="Default suite" finished-at="2022-07-19T12:04:57 IST" duration-ms="19009">
    <groups>
    </groups>
    <test started-at="2022-07-19T12:04:38 IST" name="Default test" finished-at="2022-07-19T12:04:57 IST" duration-ms="19009">
      <class name="Flipkart_UI_TestCases.TestFlipkart_UI_Login">
        <test-method is-config="true" signature="setUp()[pri:0, instance:Flipkart_UI_TestCases.TestFlipkart_UI_Login@30ee2816]" started-at="2022-07-19T12:04:38 IST" name="setUp" finished-at="2022-07-19T12:04:50 IST" duration-ms="11624" status="PASS">
          <reporter-output>
          </reporter-output>
        </test-method> <!-- setUp -->
        <test-method signature="get_logInPage_title()[pri:1, instance:Flipkart_UI_TestCases.TestFlipkart_UI_Login@30ee2816]" started-at="2022-07-19T12:04:50 IST" name="get_logInPage_title" finished-at="2022-07-19T12:04:50 IST" duration-ms="13" status="PASS">
          <reporter-output>
          </reporter-output>
        </test-method> <!-- get_logInPage_title -->
        <test-method signature="logIn()[pri:2, instance:Flipkart_UI_TestCases.TestFlipkart_UI_Login@30ee2816]" started-at="2022-07-19T12:04:50 IST" name="logIn" finished-at="2022-07-19T12:04:50 IST" duration-ms="109" status="PASS">
          <reporter-output>
          </reporter-output>
        </test-method> <!-- logIn -->
        <test-method signature="click_on_fashion_mensTopWear_All()[pri:3, instance:Flipkart_UI_TestCases.TestFlipkart_UI_Login@30ee2816]" started-at="2022-07-19T12:04:50 IST" name="click_on_fashion_mensTopWear_All" finished-at="2022-07-19T12:04:50 IST" duration-ms="496" status="PASS">
          <reporter-output>
          </reporter-output>
        </test-method> <!-- click_on_fashion_mensTopWear_All -->
        <test-method signature="click_on_filter()[pri:4, instance:Flipkart_UI_TestCases.TestFlipkart_UI_Login@30ee2816]" started-at="2022-07-19T12:04:50 IST" name="click_on_filter" finished-at="2022-07-19T12:04:57 IST" duration-ms="6116" status="PASS">
          <reporter-output>
          </reporter-output>
        </test-method> <!-- click_on_filter -->
        <test-method signature="test_product_sequence()[pri:5, instance:Flipkart_UI_TestCases.TestFlipkart_UI_Login@30ee2816]" started-at="2022-07-19T12:04:57 IST" name="test_product_sequence" finished-at="2022-07-19T12:04:57 IST" duration-ms="486" status="PASS">
          <reporter-output>
          </reporter-output>
        </test-method> <!-- test_product_sequence -->
        <test-method is-config="true" signature="tearDown()[pri:0, instance:Flipkart_UI_TestCases.TestFlipkart_UI_Login@30ee2816]" started-at="2022-07-19T12:04:57 IST" name="tearDown" finished-at="2022-07-19T12:04:57 IST" duration-ms="123" status="PASS">
          <reporter-output>
          </reporter-output>
        </test-method> <!-- tearDown -->
      </class> <!-- Flipkart_UI_TestCases.TestFlipkart_UI_Login -->
    </test> <!-- Default test -->
  </suite> <!-- Default suite -->
</testng-results>
